# JRE version: OpenJDK Runtime Environment Temurin-17.0.10+7 (17.0.10+7) (build 17.0.10+7)
# Java VM: OpenJDK 64-Bit Server VM Temurin-17.0.10+7 (17.0.10+7, mixed mode, sharing, tiered, compressed oops, compressed class ptrs, g1 gc, windows-amd64)
GC Precious Log:
 CPUs: 4 total, 4 available
 Memory: 8057M
 Large Page Support: Disabled
 NUMA Support: Disabled
 Compressed Oops: Enabled (32-bit)
 Heap Region Size: 1M
 Heap Min Capacity: 8M
 Heap Initial Capacity: 126M
 Heap Max Capacity: 2016M
 Pre-touch: Disabled
 Parallel Workers: 4
 Concurrent Workers: 1
 Concurrent Refinement Workers: 4
 Periodic GC: Disabled
Heap:
 garbage-first heap   total 89088K, used 83837K [0x0000000082000000, 0x0000000100000000)
  region size 1024K, 3 young (3072K), 1 survivors (1024K)
 Metaspace       used 31778K, committed 32064K, reserved 1114112K
  class space    used 3651K, committed 3776K, reserved 1048576K
GC Heap History (20 events):
Event: 5.200 GC heap before
{Heap before GC invocations=7 (full 0):
 garbage-first heap   total 51200K, used 35486K [0x0000000082000000, 0x0000000100000000)
  region size 1024K, 17 young (17408K), 4 survivors (4096K)
 Metaspace       used 25357K, committed 25664K, reserved 1114112K
  class space    used 2964K, committed 3136K, reserved 1048576K
}
Event: 5.214 GC heap after
{Heap after GC invocations=8 (full 0):
 garbage-first heap   total 51200K, used 24970K [0x0000000082000000, 0x0000000100000000)
  region size 1024K, 3 young (3072K), 3 survivors (3072K)
 Metaspace       used 25357K, committed 25664K, reserved 1114112K
  class space    used 2964K, committed 3136K, reserved 1048576K
}
Event: 5.724 GC heap before
{Heap before GC invocations=8 (full 0):
 garbage-first heap   total 51200K, used 36234K [0x0000000082000000, 0x0000000100000000)
  region size 1024K, 14 young (14336K), 3 survivors (3072K)
 Metaspace       used 26671K, committed 26944K, reserved 1114112K
  class space    used 3083K, committed 3200K, reserved 1048576K
}
Event: 5.736 GC heap after
{Heap after GC invocations=9 (full 0):
 garbage-first heap   total 51200K, used 26158K [0x0000000082000000, 0x0000000100000000)
  region size 1024K, 2 young (2048K), 2 survivors (2048K)
 Metaspace       used 26671K, committed 26944K, reserved 1114112K
  class space    used 3083K, committed 3200K, reserved 1048576K
}
Event: 6.348 GC heap before
{Heap before GC invocations=10 (full 0):
 garbage-first heap   total 51200K, used 37422K [0x0000000082000000, 0x0000000100000000)
  region size 1024K, 13 young (13312K), 2 survivors (2048K)
 Metaspace       used 27468K, committed 27776K, reserved 1114112K
  class space    used 3163K, committed 3328K, reserved 1048576K
}
Event: 6.355 GC heap after
{Heap after GC invocations=11 (full 0):
 garbage-first heap   total 51200K, used 27642K [0x0000000082000000, 0x0000000100000000)
  region size 1024K, 2 young (2048K), 2 survivors (2048K)
 Metaspace       used 27468K, committed 27776K, reserved 1114112K
  class space    used 3163K, committed 3328K, reserved 1048576K
}
Event: 6.654 GC heap before
{Heap before GC invocations=11 (full 0):
 garbage-first heap   total 51200K, used 36858K [0x0000000082000000, 0x0000000100000000)
  region size 1024K, 12 young (12288K), 2 survivors (2048K)
 Metaspace       used 27691K, committed 28032K, reserved 1114112K
  class space    used 3174K, committed 3328K, reserved 1048576K
}
Event: 6.661 GC heap after
{Heap after GC invocations=12 (full 0):
 garbage-first heap   total 61440K, used 27071K [0x0000000082000000, 0x0000000100000000)
  region size 1024K, 1 young (1024K), 1 survivors (1024K)
 Metaspace       used 27691K, committed 28032K, reserved 1114112K
  class space    used 3174K, committed 3328K, reserved 1048576K
}
Event: 7.666 GC heap before
{Heap before GC invocations=13 (full 0):
 garbage-first heap   total 61440K, used 44479K [0x0000000082000000, 0x0000000100000000)
  region size 1024K, 19 young (19456K), 1 survivors (1024K)
 Metaspace       used 28159K, committed 28416K, reserved 1114112K
  class space    used 3202K, committed 3328K, reserved 1048576K
}
Event: 7.671 GC heap after
{Heap after GC invocations=14 (full 0):
 garbage-first heap   total 61440K, used 28038K [0x0000000082000000, 0x0000000100000000)
  region size 1024K, 2 young (2048K), 2 survivors (2048K)
 Metaspace       used 28159K, committed 28416K, reserved 1114112K
  class space    used 3202K, committed 3328K, reserved 1048576K
}
Event: 7.685 GC heap before
{Heap before GC invocations=14 (full 0):
 garbage-first heap   total 61440K, used 29062K [0x0000000082000000, 0x0000000100000000)
  region size 1024K, 3 young (3072K), 2 survivors (2048K)
 Metaspace       used 28249K, committed 28544K, reserved 1114112K
  class space    used 3211K, committed 3328K, reserved 1048576K
}
Event: 7.690 GC heap after
{Heap after GC invocations=15 (full 0):
 garbage-first heap   total 61440K, used 25500K [0x0000000082000000, 0x0000000100000000)
  region size 1024K, 1 young (1024K), 1 survivors (1024K)
 Metaspace       used 28249K, committed 28544K, reserved 1114112K
  class space    used 3211K, committed 3328K, reserved 1048576K
}
Event: 7.965 GC heap before
{Heap before GC invocations=15 (full 0):
 garbage-first heap   total 61440K, used 45980K [0x0000000082000000, 0x0000000100000000)
  region size 1024K, 21 young (21504K), 1 survivors (1024K)
 Metaspace       used 29072K, committed 29440K, reserved 1114112K
  class space    used 3280K, committed 3456K, reserved 1048576K
}
Event: 7.969 GC heap after
{Heap after GC invocations=16 (full 0):
 garbage-first heap   total 61440K, used 26644K [0x0000000082000000, 0x0000000100000000)
  region size 1024K, 2 young (2048K), 2 survivors (2048K)
 Metaspace       used 29072K, committed 29440K, reserved 1114112K
  class space    used 3280K, committed 3456K, reserved 1048576K
}
Event: 8.656 GC heap before
{Heap before GC invocations=16 (full 0):
 garbage-first heap   total 61440K, used 47124K [0x0000000082000000, 0x0000000100000000)
  region size 1024K, 22 young (22528K), 2 survivors (2048K)
 Metaspace       used 30736K, committed 31104K, reserved 1114112K
  class space    used 3538K, committed 3712K, reserved 1048576K
}
Event: 8.662 GC heap after
{Heap after GC invocations=17 (full 0):
 garbage-first heap   total 61440K, used 27761K [0x0000000082000000, 0x0000000100000000)
  region size 1024K, 3 young (3072K), 3 survivors (3072K)
 Metaspace       used 30736K, committed 31104K, reserved 1114112K
  class space    used 3538K, committed 3712K, reserved 1048576K
}
Event: 9.380 GC heap before
{Heap before GC invocations=17 (full 0):
 garbage-first heap   total 61440K, used 35953K [0x0000000082000000, 0x0000000100000000)
  region size 1024K, 11 young (11264K), 3 survivors (3072K)
 Metaspace       used 31470K, committed 31808K, reserved 1114112K
  class space    used 3608K, committed 3776K, reserved 1048576K
}
Event: 9.387 GC heap after
{Heap after GC invocations=18 (full 0):
 garbage-first heap   total 61440K, used 28472K [0x0000000082000000, 0x0000000100000000)
  region size 1024K, 2 young (2048K), 2 survivors (2048K)
 Metaspace       used 31470K, committed 31808K, reserved 1114112K
  class space    used 3608K, committed 3776K, reserved 1048576K
}
Event: 9.391 GC heap before
{Heap before GC invocations=18 (full 0):
 garbage-first heap   total 61440K, used 31544K [0x0000000082000000, 0x0000000100000000)
  region size 1024K, 3 young (3072K), 2 survivors (2048K)
 Metaspace       used 31480K, committed 31808K, reserved 1114112K
  class space    used 3610K, committed 3776K, reserved 1048576K
}
Event: 9.395 GC heap after
{Heap after GC invocations=19 (full 0):
 garbage-first heap   total 61440K, used 31613K [0x0000000082000000, 0x0000000100000000)
  region size 1024K, 1 young (1024K), 1 survivors (1024K)
 Metaspace       used 31480K, committed 31808K, reserved 1114112K
  class space    used 3610K, committed 3776K, reserved 1048576K
}

