# JRE version: OpenJDK Runtime Environment Temurin-17.0.10+7 (17.0.10+7) (build 17.0.10+7)
# Java VM: OpenJDK 64-Bit Server VM Temurin-17.0.10+7 (17.0.10+7, mixed mode, sharing, tiered, compressed oops, compressed class ptrs, serial gc, windows-amd64)
GC Precious Log:
 CPUs: 4 total, 4 available
 Memory: 8057M
 Large Page Support: Disabled
 NUMA Support: Disabled
 Compressed Oops: Enabled (32-bit)
 Heap Min Capacity: 128M
 Heap Initial Capacity: 128M
 Heap Max Capacity: 512M
 Pre-touch: Disabled
Heap:
 def new generation   total 39424K, used 1473K [0x00000000e0000000, 0x00000000e2ac0000, 0x00000000eaaa0000)
  eden space 35072K,   4% used [0x00000000e0000000, 0x00000000e0170490, 0x00000000e2240000)
  from space 4352K,   0% used [0x00000000e2240000, 0x00000000e2240000, 0x00000000e2680000)
  to   space 4352K,   0% used [0x00000000e2680000, 0x00000000e2680000, 0x00000000e2ac0000)
 tenured generation   total 87424K, used 11534K [0x00000000eaaa0000, 0x00000000f0000000, 0x0000000100000000)
   the space 87424K,  13% used [0x00000000eaaa0000, 0x00000000eb5e3b00, 0x00000000eb5e3c00, 0x00000000f0000000)
 Metaspace       used 22645K, committed 22912K, reserved 180224K
  class space    used 2678K, committed 2816K, reserved 114688K
GC Heap History (8 events):
Event: 0.983 GC heap before
{Heap before GC invocations=0 (full 0):
 def new generation   total 39296K, used 34944K [0x00000000e0000000, 0x00000000e2aa0000, 0x00000000eaaa0000)
  eden space 34944K, 100% used [0x00000000e0000000, 0x00000000e2220000, 0x00000000e2220000)
  from space 4352K,   0% used [0x00000000e2220000, 0x00000000e2220000, 0x00000000e2660000)
  to   space 4352K,   0% used [0x00000000e2660000, 0x00000000e2660000, 0x00000000e2aa0000)
 tenured generation   total 87424K, used 0K [0x00000000eaaa0000, 0x00000000f0000000, 0x0000000100000000)
   the space 87424K,   0% used [0x00000000eaaa0000, 0x00000000eaaa0000, 0x00000000eaaa0200, 0x00000000f0000000)
 Metaspace       used 6809K, committed 6976K, reserved 180224K
  class space    used 803K, committed 896K, reserved 114688K
}
Event: 0.995 GC heap after
{Heap after GC invocations=1 (full 0):
 def new generation   total 39296K, used 4035K [0x00000000e0000000, 0x00000000e2aa0000, 0x00000000eaaa0000)
  eden space 34944K,   0% used [0x00000000e0000000, 0x00000000e0000000, 0x00000000e2220000)
  from space 4352K,  92% used [0x00000000e2660000, 0x00000000e2a50c28, 0x00000000e2aa0000)
  to   space 4352K,   0% used [0x00000000e2220000, 0x00000000e2220000, 0x00000000e2660000)
 tenured generation   total 87424K, used 0K [0x00000000eaaa0000, 0x00000000f0000000, 0x0000000100000000)
   the space 87424K,   0% used [0x00000000eaaa0000, 0x00000000eaaa0000, 0x00000000eaaa0200, 0x00000000f0000000)
 Metaspace       used 6809K, committed 6976K, reserved 180224K
  class space    used 803K, committed 896K, reserved 114688K
}
Event: 1.943 GC heap before
{Heap before GC invocations=1 (full 0):
 def new generation   total 39296K, used 38979K [0x00000000e0000000, 0x00000000e2aa0000, 0x00000000eaaa0000)
  eden space 34944K, 100% used [0x00000000e0000000, 0x00000000e2220000, 0x00000000e2220000)
  from space 4352K,  92% used [0x00000000e2660000, 0x00000000e2a50c28, 0x00000000e2aa0000)
  to   space 4352K,   0% used [0x00000000e2220000, 0x00000000e2220000, 0x00000000e2660000)
 tenured generation   total 87424K, used 0K [0x00000000eaaa0000, 0x00000000f0000000, 0x0000000100000000)
   the space 87424K,   0% used [0x00000000eaaa0000, 0x00000000eaaa0000, 0x00000000eaaa0200, 0x00000000f0000000)
 Metaspace       used 13363K, committed 13568K, reserved 180224K
  class space    used 1633K, committed 1728K, reserved 114688K
}
Event: 1.959 GC heap after
{Heap after GC invocations=2 (full 0):
 def new generation   total 39296K, used 2861K [0x00000000e0000000, 0x00000000e2aa0000, 0x00000000eaaa0000)
  eden space 34944K,   0% used [0x00000000e0000000, 0x00000000e0000000, 0x00000000e2220000)
  from space 4352K,  65% used [0x00000000e2220000, 0x00000000e24eb528, 0x00000000e2660000)
  to   space 4352K,   0% used [0x00000000e2660000, 0x00000000e2660000, 0x00000000e2aa0000)
 tenured generation   total 87424K, used 3837K [0x00000000eaaa0000, 0x00000000f0000000, 0x0000000100000000)
   the space 87424K,   4% used [0x00000000eaaa0000, 0x00000000eae5f460, 0x00000000eae5f600, 0x00000000f0000000)
 Metaspace       used 13363K, committed 13568K, reserved 180224K
  class space    used 1633K, committed 1728K, reserved 114688K
}
Event: 2.725 GC heap before
{Heap before GC invocations=2 (full 0):
 def new generation   total 39296K, used 37805K [0x00000000e0000000, 0x00000000e2aa0000, 0x00000000eaaa0000)
  eden space 34944K, 100% used [0x00000000e0000000, 0x00000000e2220000, 0x00000000e2220000)
  from space 4352K,  65% used [0x00000000e2220000, 0x00000000e24eb528, 0x00000000e2660000)
  to   space 4352K,   0% used [0x00000000e2660000, 0x00000000e2660000, 0x00000000e2aa0000)
 tenured generation   total 87424K, used 3837K [0x00000000eaaa0000, 0x00000000f0000000, 0x0000000100000000)
   the space 87424K,   4% used [0x00000000eaaa0000, 0x00000000eae5f460, 0x00000000eae5f600, 0x00000000f0000000)
 Metaspace       used 15506K, committed 15680K, reserved 180224K
  class space    used 1845K, committed 1920K, reserved 114688K
}
Event: 2.739 GC heap after
{Heap after GC invocations=3 (full 0):
 def new generation   total 39296K, used 2488K [0x00000000e0000000, 0x00000000e2aa0000, 0x00000000eaaa0000)
  eden space 34944K,   0% used [0x00000000e0000000, 0x00000000e0000000, 0x00000000e2220000)
  from space 4352K,  57% used [0x00000000e2660000, 0x00000000e28ce3f8, 0x00000000e2aa0000)
  to   space 4352K,   0% used [0x00000000e2220000, 0x00000000e2220000, 0x00000000e2660000)
 tenured generation   total 87424K, used 6680K [0x00000000eaaa0000, 0x00000000f0000000, 0x0000000100000000)
   the space 87424K,   7% used [0x00000000eaaa0000, 0x00000000eb126080, 0x00000000eb126200, 0x00000000f0000000)
 Metaspace       used 15506K, committed 15680K, reserved 180224K
  class space    used 1845K, committed 1920K, reserved 114688K
}
Event: 3.609 GC heap before
{Heap before GC invocations=3 (full 0):
 def new generation   total 39296K, used 36402K [0x00000000e0000000, 0x00000000e2aa0000, 0x00000000eaaa0000)
  eden space 34944K,  97% used [0x00000000e0000000, 0x00000000e211e5d8, 0x00000000e2220000)
  from space 4352K,  57% used [0x00000000e2660000, 0x00000000e28ce3f8, 0x00000000e2aa0000)
  to   space 4352K,   0% used [0x00000000e2220000, 0x00000000e2220000, 0x00000000e2660000)
 tenured generation   total 87424K, used 6680K [0x00000000eaaa0000, 0x00000000f0000000, 0x0000000100000000)
   the space 87424K,   7% used [0x00000000eaaa0000, 0x00000000eb126080, 0x00000000eb126200, 0x00000000f0000000)
 Metaspace       used 21217K, committed 21504K, reserved 180224K
  class space    used 2543K, committed 2688K, reserved 114688K
}
Event: 3.665 GC heap after
{Heap after GC invocations=4 (full 1):
 def new generation   total 39424K, used 0K [0x00000000e0000000, 0x00000000e2ac0000, 0x00000000eaaa0000)
  eden space 35072K,   0% used [0x00000000e0000000, 0x00000000e0000000, 0x00000000e2240000)
  from space 4352K,   0% used [0x00000000e2240000, 0x00000000e2240000, 0x00000000e2680000)
  to   space 4352K,   0% used [0x00000000e2680000, 0x00000000e2680000, 0x00000000e2ac0000)
 tenured generation   total 87424K, used 11534K [0x00000000eaaa0000, 0x00000000f0000000, 0x0000000100000000)
   the space 87424K,  13% used [0x00000000eaaa0000, 0x00000000eb5e3b00, 0x00000000eb5e3c00, 0x00000000f0000000)
 Metaspace       used 21217K, committed 21504K, reserved 180224K
  class space    used 2543K, committed 2688K, reserved 114688K
}

