# JRE version: OpenJDK Runtime Environment Temurin-17.0.10+7 (17.0.10+7) (build 17.0.10+7)
# Java VM: OpenJDK 64-Bit Server VM Temurin-17.0.10+7 (17.0.10+7, mixed mode, sharing, tiered, compressed oops, compressed class ptrs, serial gc, windows-amd64)
GC Precious Log:
 CPUs: 4 total, 4 available
 Memory: 8057M
 Large Page Support: Disabled
 NUMA Support: Disabled
 Compressed Oops: Enabled (32-bit)
 Heap Min Capacity: 128M
 Heap Initial Capacity: 128M
 Heap Max Capacity: 512M
 Pre-touch: Disabled
Heap:
 def new generation   total 39296K, used 36840K [0x00000000e0000000, 0x00000000e2aa0000, 0x00000000eaaa0000)
  eden space 34944K,  98% used [0x00000000e0000000, 0x00000000e21933b8, 0x00000000e2220000)
  from space 4352K,  56% used [0x00000000e2660000, 0x00000000e28c6f78, 0x00000000e2aa0000)
  to   space 4352K,   0% used [0x00000000e2220000, 0x00000000e2220000, 0x00000000e2660000)
 tenured generation   total 87424K, used 6676K [0x00000000eaaa0000, 0x00000000f0000000, 0x0000000100000000)
   the space 87424K,   7% used [0x00000000eaaa0000, 0x00000000eb125100, 0x00000000eb125200, 0x00000000f0000000)
 Metaspace       used 20763K, committed 21056K, reserved 180224K
  class space    used 2484K, committed 2624K, reserved 114688K
GC Heap History (6 events):
Event: 0.932 GC heap before
{Heap before GC invocations=0 (full 0):
 def new generation   total 39296K, used 34944K [0x00000000e0000000, 0x00000000e2aa0000, 0x00000000eaaa0000)
  eden space 34944K, 100% used [0x00000000e0000000, 0x00000000e2220000, 0x00000000e2220000)
  from space 4352K,   0% used [0x00000000e2220000, 0x00000000e2220000, 0x00000000e2660000)
  to   space 4352K,   0% used [0x00000000e2660000, 0x00000000e2660000, 0x00000000e2aa0000)
 tenured generation   total 87424K, used 0K [0x00000000eaaa0000, 0x00000000f0000000, 0x0000000100000000)
   the space 87424K,   0% used [0x00000000eaaa0000, 0x00000000eaaa0000, 0x00000000eaaa0200, 0x00000000f0000000)
 Metaspace       used 6795K, committed 6976K, reserved 180224K
  class space    used 803K, committed 896K, reserved 114688K
}
Event: 0.942 GC heap after
{Heap after GC invocations=1 (full 0):
 def new generation   total 39296K, used 4032K [0x00000000e0000000, 0x00000000e2aa0000, 0x00000000eaaa0000)
  eden space 34944K,   0% used [0x00000000e0000000, 0x00000000e0000000, 0x00000000e2220000)
  from space 4352K,  92% used [0x00000000e2660000, 0x00000000e2a501e0, 0x00000000e2aa0000)
  to   space 4352K,   0% used [0x00000000e2220000, 0x00000000e2220000, 0x00000000e2660000)
 tenured generation   total 87424K, used 0K [0x00000000eaaa0000, 0x00000000f0000000, 0x0000000100000000)
   the space 87424K,   0% used [0x00000000eaaa0000, 0x00000000eaaa0000, 0x00000000eaaa0200, 0x00000000f0000000)
 Metaspace       used 6795K, committed 6976K, reserved 180224K
  class space    used 803K, committed 896K, reserved 114688K
}
Event: 1.885 GC heap before
{Heap before GC invocations=1 (full 0):
 def new generation   total 39296K, used 38976K [0x00000000e0000000, 0x00000000e2aa0000, 0x00000000eaaa0000)
  eden space 34944K, 100% used [0x00000000e0000000, 0x00000000e2220000, 0x00000000e2220000)
  from space 4352K,  92% used [0x00000000e2660000, 0x00000000e2a501e0, 0x00000000e2aa0000)
  to   space 4352K,   0% used [0x00000000e2220000, 0x00000000e2220000, 0x00000000e2660000)
 tenured generation   total 87424K, used 0K [0x00000000eaaa0000, 0x00000000f0000000, 0x0000000100000000)
   the space 87424K,   0% used [0x00000000eaaa0000, 0x00000000eaaa0000, 0x00000000eaaa0200, 0x00000000f0000000)
 Metaspace       used 13361K, committed 13568K, reserved 180224K
  class space    used 1631K, committed 1728K, reserved 114688K
}
Event: 1.901 GC heap after
{Heap after GC invocations=2 (full 0):
 def new generation   total 39296K, used 2852K [0x00000000e0000000, 0x00000000e2aa0000, 0x00000000eaaa0000)
  eden space 34944K,   0% used [0x00000000e0000000, 0x00000000e0000000, 0x00000000e2220000)
  from space 4352K,  65% used [0x00000000e2220000, 0x00000000e24e9378, 0x00000000e2660000)
  to   space 4352K,   0% used [0x00000000e2660000, 0x00000000e2660000, 0x00000000e2aa0000)
 tenured generation   total 87424K, used 3838K [0x00000000eaaa0000, 0x00000000f0000000, 0x0000000100000000)
   the space 87424K,   4% used [0x00000000eaaa0000, 0x00000000eae5fa90, 0x00000000eae5fc00, 0x00000000f0000000)
 Metaspace       used 13361K, committed 13568K, reserved 180224K
  class space    used 1631K, committed 1728K, reserved 114688K
}
Event: 2.650 GC heap before
{Heap before GC invocations=2 (full 0):
 def new generation   total 39296K, used 37796K [0x00000000e0000000, 0x00000000e2aa0000, 0x00000000eaaa0000)
  eden space 34944K, 100% used [0x00000000e0000000, 0x00000000e2220000, 0x00000000e2220000)
  from space 4352K,  65% used [0x00000000e2220000, 0x00000000e24e9378, 0x00000000e2660000)
  to   space 4352K,   0% used [0x00000000e2660000, 0x00000000e2660000, 0x00000000e2aa0000)
 tenured generation   total 87424K, used 3838K [0x00000000eaaa0000, 0x00000000f0000000, 0x0000000100000000)
   the space 87424K,   4% used [0x00000000eaaa0000, 0x00000000eae5fa90, 0x00000000eae5fc00, 0x00000000f0000000)
 Metaspace       used 15499K, committed 15680K, reserved 180224K
  class space    used 1843K, committed 1920K, reserved 114688K
}
Event: 2.666 GC heap after
{Heap after GC invocations=3 (full 0):
 def new generation   total 39296K, used 2459K [0x00000000e0000000, 0x00000000e2aa0000, 0x00000000eaaa0000)
  eden space 34944K,   0% used [0x00000000e0000000, 0x00000000e0000000, 0x00000000e2220000)
  from space 4352K,  56% used [0x00000000e2660000, 0x00000000e28c6f78, 0x00000000e2aa0000)
  to   space 4352K,   0% used [0x00000000e2220000, 0x00000000e2220000, 0x00000000e2660000)
 tenured generation   total 87424K, used 6676K [0x00000000eaaa0000, 0x00000000f0000000, 0x0000000100000000)
   the space 87424K,   7% used [0x00000000eaaa0000, 0x00000000eb125100, 0x00000000eb125200, 0x00000000f0000000)
 Metaspace       used 15499K, committed 15680K, reserved 180224K
  class space    used 1843K, committed 1920K, reserved 114688K
}

