# JRE version: OpenJDK Runtime Environment Temurin-17.0.10+7 (17.0.10+7) (build 17.0.10+7)
# Java VM: OpenJDK 64-Bit Server VM Temurin-17.0.10+7 (17.0.10+7, mixed mode, sharing, tiered, compressed oops, compressed class ptrs, serial gc, windows-amd64)
GC Precious Log:
 CPUs: 4 total, 4 available
 Memory: 8057M
 Large Page Support: Disabled
 NUMA Support: Disabled
 Compressed Oops: Enabled (32-bit)
 Heap Min Capacity: 128M
 Heap Initial Capacity: 128M
 Heap Max Capacity: 512M
 Pre-touch: Disabled
Heap:
 def new generation   total 39296K, used 36308K [0x00000000e0000000, 0x00000000e2aa0000, 0x00000000eaaa0000)
  eden space 34944K,  96% used [0x00000000e0000000, 0x00000000e21092f0, 0x00000000e2220000)
  from space 4352K,  56% used [0x00000000e2660000, 0x00000000e28cbe00, 0x00000000e2aa0000)
  to   space 4352K,   0% used [0x00000000e2220000, 0x00000000e2220000, 0x00000000e2660000)
 tenured generation   total 87424K, used 6676K [0x00000000eaaa0000, 0x00000000f0000000, 0x0000000100000000)
   the space 87424K,   7% used [0x00000000eaaa0000, 0x00000000eb125208, 0x00000000eb125400, 0x00000000f0000000)
 Metaspace       used 20652K, committed 20928K, reserved 180224K
  class space    used 2482K, committed 2624K, reserved 114688K
GC Heap History (6 events):
Event: 0.952 GC heap before
{Heap before GC invocations=0 (full 0):
 def new generation   total 39296K, used 34944K [0x00000000e0000000, 0x00000000e2aa0000, 0x00000000eaaa0000)
  eden space 34944K, 100% used [0x00000000e0000000, 0x00000000e2220000, 0x00000000e2220000)
  from space 4352K,   0% used [0x00000000e2220000, 0x00000000e2220000, 0x00000000e2660000)
  to   space 4352K,   0% used [0x00000000e2660000, 0x00000000e2660000, 0x00000000e2aa0000)
 tenured generation   total 87424K, used 0K [0x00000000eaaa0000, 0x00000000f0000000, 0x0000000100000000)
   the space 87424K,   0% used [0x00000000eaaa0000, 0x00000000eaaa0000, 0x00000000eaaa0200, 0x00000000f0000000)
 Metaspace       used 6805K, committed 6976K, reserved 180224K
  class space    used 803K, committed 896K, reserved 114688K
}
Event: 0.963 GC heap after
{Heap after GC invocations=1 (full 0):
 def new generation   total 39296K, used 4030K [0x00000000e0000000, 0x00000000e2aa0000, 0x00000000eaaa0000)
  eden space 34944K,   0% used [0x00000000e0000000, 0x00000000e0000000, 0x00000000e2220000)
  from space 4352K,  92% used [0x00000000e2660000, 0x00000000e2a4fb38, 0x00000000e2aa0000)
  to   space 4352K,   0% used [0x00000000e2220000, 0x00000000e2220000, 0x00000000e2660000)
 tenured generation   total 87424K, used 0K [0x00000000eaaa0000, 0x00000000f0000000, 0x0000000100000000)
   the space 87424K,   0% used [0x00000000eaaa0000, 0x00000000eaaa0000, 0x00000000eaaa0200, 0x00000000f0000000)
 Metaspace       used 6805K, committed 6976K, reserved 180224K
  class space    used 803K, committed 896K, reserved 114688K
}
Event: 1.880 GC heap before
{Heap before GC invocations=1 (full 0):
 def new generation   total 39296K, used 38974K [0x00000000e0000000, 0x00000000e2aa0000, 0x00000000eaaa0000)
  eden space 34944K, 100% used [0x00000000e0000000, 0x00000000e2220000, 0x00000000e2220000)
  from space 4352K,  92% used [0x00000000e2660000, 0x00000000e2a4fb38, 0x00000000e2aa0000)
  to   space 4352K,   0% used [0x00000000e2220000, 0x00000000e2220000, 0x00000000e2660000)
 tenured generation   total 87424K, used 0K [0x00000000eaaa0000, 0x00000000f0000000, 0x0000000100000000)
   the space 87424K,   0% used [0x00000000eaaa0000, 0x00000000eaaa0000, 0x00000000eaaa0200, 0x00000000f0000000)
 Metaspace       used 13352K, committed 13568K, reserved 180224K
  class space    used 1631K, committed 1728K, reserved 114688K
}
Event: 1.895 GC heap after
{Heap after GC invocations=2 (full 0):
 def new generation   total 39296K, used 2854K [0x00000000e0000000, 0x00000000e2aa0000, 0x00000000eaaa0000)
  eden space 34944K,   0% used [0x00000000e0000000, 0x00000000e0000000, 0x00000000e2220000)
  from space 4352K,  65% used [0x00000000e2220000, 0x00000000e24e9b10, 0x00000000e2660000)
  to   space 4352K,   0% used [0x00000000e2660000, 0x00000000e2660000, 0x00000000e2aa0000)
 tenured generation   total 87424K, used 3836K [0x00000000eaaa0000, 0x00000000f0000000, 0x0000000100000000)
   the space 87424K,   4% used [0x00000000eaaa0000, 0x00000000eae5f3c8, 0x00000000eae5f400, 0x00000000f0000000)
 Metaspace       used 13352K, committed 13568K, reserved 180224K
  class space    used 1631K, committed 1728K, reserved 114688K
}
Event: 2.616 GC heap before
{Heap before GC invocations=2 (full 0):
 def new generation   total 39296K, used 37798K [0x00000000e0000000, 0x00000000e2aa0000, 0x00000000eaaa0000)
  eden space 34944K, 100% used [0x00000000e0000000, 0x00000000e2220000, 0x00000000e2220000)
  from space 4352K,  65% used [0x00000000e2220000, 0x00000000e24e9b10, 0x00000000e2660000)
  to   space 4352K,   0% used [0x00000000e2660000, 0x00000000e2660000, 0x00000000e2aa0000)
 tenured generation   total 87424K, used 3836K [0x00000000eaaa0000, 0x00000000f0000000, 0x0000000100000000)
   the space 87424K,   4% used [0x00000000eaaa0000, 0x00000000eae5f3c8, 0x00000000eae5f400, 0x00000000f0000000)
 Metaspace       used 15480K, committed 15680K, reserved 180224K
  class space    used 1845K, committed 1920K, reserved 114688K
}
Event: 2.630 GC heap after
{Heap after GC invocations=3 (full 0):
 def new generation   total 39296K, used 2479K [0x00000000e0000000, 0x00000000e2aa0000, 0x00000000eaaa0000)
  eden space 34944K,   0% used [0x00000000e0000000, 0x00000000e0000000, 0x00000000e2220000)
  from space 4352K,  56% used [0x00000000e2660000, 0x00000000e28cbe00, 0x00000000e2aa0000)
  to   space 4352K,   0% used [0x00000000e2220000, 0x00000000e2220000, 0x00000000e2660000)
 tenured generation   total 87424K, used 6676K [0x00000000eaaa0000, 0x00000000f0000000, 0x0000000100000000)
   the space 87424K,   7% used [0x00000000eaaa0000, 0x00000000eb125208, 0x00000000eb125400, 0x00000000f0000000)
 Metaspace       used 15480K, committed 15680K, reserved 180224K
  class space    used 1845K, committed 1920K, reserved 114688K
}

