# JRE version: OpenJDK Runtime Environment Temurin-17.0.10+7 (17.0.10+7) (build 17.0.10+7)
# Java VM: OpenJDK 64-Bit Server VM Temurin-17.0.10+7 (17.0.10+7, mixed mode, sharing, tiered, compressed oops, compressed class ptrs, serial gc, windows-amd64)
GC Precious Log:
 CPUs: 4 total, 4 available
 Memory: 8057M
 Large Page Support: Disabled
 NUMA Support: Disabled
 Compressed Oops: Enabled (32-bit)
 Heap Min Capacity: 128M
 Heap Initial Capacity: 128M
 Heap Max Capacity: 512M
 Pre-touch: Disabled
Heap:
 def new generation   total 39296K, used 22208K [0x00000000e0000000, 0x00000000e2aa0000, 0x00000000eaaa0000)
  eden space 34944K,  55% used [0x00000000e0000000, 0x00000000e130a850, 0x00000000e2220000)
  from space 4352K,  62% used [0x00000000e2660000, 0x00000000e2905860, 0x00000000e2aa0000)
  to   space 4352K,   0% used [0x00000000e2220000, 0x00000000e2220000, 0x00000000e2660000)
 tenured generation   total 87424K, used 6682K [0x00000000eaaa0000, 0x00000000f0000000, 0x0000000100000000)
   the space 87424K,   7% used [0x00000000eaaa0000, 0x00000000eb126bc8, 0x00000000eb126c00, 0x00000000f0000000)
 Metaspace       used 16568K, committed 16832K, reserved 180224K
  class space    used 1947K, committed 2048K, reserved 114688K
GC Heap History (6 events):
Event: 0.979 GC heap before
{Heap before GC invocations=0 (full 0):
 def new generation   total 39296K, used 34944K [0x00000000e0000000, 0x00000000e2aa0000, 0x00000000eaaa0000)
  eden space 34944K, 100% used [0x00000000e0000000, 0x00000000e2220000, 0x00000000e2220000)
  from space 4352K,   0% used [0x00000000e2220000, 0x00000000e2220000, 0x00000000e2660000)
  to   space 4352K,   0% used [0x00000000e2660000, 0x00000000e2660000, 0x00000000e2aa0000)
 tenured generation   total 87424K, used 0K [0x00000000eaaa0000, 0x00000000f0000000, 0x0000000100000000)
   the space 87424K,   0% used [0x00000000eaaa0000, 0x00000000eaaa0000, 0x00000000eaaa0200, 0x00000000f0000000)
 Metaspace       used 6797K, committed 6976K, reserved 180224K
  class space    used 803K, committed 896K, reserved 114688K
}
Event: 0.992 GC heap after
{Heap after GC invocations=1 (full 0):
 def new generation   total 39296K, used 4039K [0x00000000e0000000, 0x00000000e2aa0000, 0x00000000eaaa0000)
  eden space 34944K,   0% used [0x00000000e0000000, 0x00000000e0000000, 0x00000000e2220000)
  from space 4352K,  92% used [0x00000000e2660000, 0x00000000e2a51df8, 0x00000000e2aa0000)
  to   space 4352K,   0% used [0x00000000e2220000, 0x00000000e2220000, 0x00000000e2660000)
 tenured generation   total 87424K, used 0K [0x00000000eaaa0000, 0x00000000f0000000, 0x0000000100000000)
   the space 87424K,   0% used [0x00000000eaaa0000, 0x00000000eaaa0000, 0x00000000eaaa0200, 0x00000000f0000000)
 Metaspace       used 6797K, committed 6976K, reserved 180224K
  class space    used 803K, committed 896K, reserved 114688K
}
Event: 1.969 GC heap before
{Heap before GC invocations=1 (full 0):
 def new generation   total 39296K, used 38983K [0x00000000e0000000, 0x00000000e2aa0000, 0x00000000eaaa0000)
  eden space 34944K, 100% used [0x00000000e0000000, 0x00000000e2220000, 0x00000000e2220000)
  from space 4352K,  92% used [0x00000000e2660000, 0x00000000e2a51df8, 0x00000000e2aa0000)
  to   space 4352K,   0% used [0x00000000e2220000, 0x00000000e2220000, 0x00000000e2660000)
 tenured generation   total 87424K, used 0K [0x00000000eaaa0000, 0x00000000f0000000, 0x0000000100000000)
   the space 87424K,   0% used [0x00000000eaaa0000, 0x00000000eaaa0000, 0x00000000eaaa0200, 0x00000000f0000000)
 Metaspace       used 13373K, committed 13568K, reserved 180224K
  class space    used 1634K, committed 1728K, reserved 114688K
}
Event: 1.985 GC heap after
{Heap after GC invocations=2 (full 0):
 def new generation   total 39296K, used 2856K [0x00000000e0000000, 0x00000000e2aa0000, 0x00000000eaaa0000)
  eden space 34944K,   0% used [0x00000000e0000000, 0x00000000e0000000, 0x00000000e2220000)
  from space 4352K,  65% used [0x00000000e2220000, 0x00000000e24ea2e0, 0x00000000e2660000)
  to   space 4352K,   0% used [0x00000000e2660000, 0x00000000e2660000, 0x00000000e2aa0000)
 tenured generation   total 87424K, used 3841K [0x00000000eaaa0000, 0x00000000f0000000, 0x0000000100000000)
   the space 87424K,   4% used [0x00000000eaaa0000, 0x00000000eae60488, 0x00000000eae60600, 0x00000000f0000000)
 Metaspace       used 13373K, committed 13568K, reserved 180224K
  class space    used 1634K, committed 1728K, reserved 114688K
}
Event: 2.763 GC heap before
{Heap before GC invocations=2 (full 0):
 def new generation   total 39296K, used 37800K [0x00000000e0000000, 0x00000000e2aa0000, 0x00000000eaaa0000)
  eden space 34944K, 100% used [0x00000000e0000000, 0x00000000e2220000, 0x00000000e2220000)
  from space 4352K,  65% used [0x00000000e2220000, 0x00000000e24ea2e0, 0x00000000e2660000)
  to   space 4352K,   0% used [0x00000000e2660000, 0x00000000e2660000, 0x00000000e2aa0000)
 tenured generation   total 87424K, used 3841K [0x00000000eaaa0000, 0x00000000f0000000, 0x0000000100000000)
   the space 87424K,   4% used [0x00000000eaaa0000, 0x00000000eae60488, 0x00000000eae60600, 0x00000000f0000000)
 Metaspace       used 15509K, committed 15680K, reserved 180224K
  class space    used 1845K, committed 1920K, reserved 114688K
}
Event: 2.777 GC heap after
{Heap after GC invocations=3 (full 0):
 def new generation   total 39296K, used 2710K [0x00000000e0000000, 0x00000000e2aa0000, 0x00000000eaaa0000)
  eden space 34944K,   0% used [0x00000000e0000000, 0x00000000e0000000, 0x00000000e2220000)
  from space 4352K,  62% used [0x00000000e2660000, 0x00000000e2905860, 0x00000000e2aa0000)
  to   space 4352K,   0% used [0x00000000e2220000, 0x00000000e2220000, 0x00000000e2660000)
 tenured generation   total 87424K, used 6682K [0x00000000eaaa0000, 0x00000000f0000000, 0x0000000100000000)
   the space 87424K,   7% used [0x00000000eaaa0000, 0x00000000eb126bc8, 0x00000000eb126c00, 0x00000000f0000000)
 Metaspace       used 15509K, committed 15680K, reserved 180224K
  class space    used 1845K, committed 1920K, reserved 114688K
}

